# JRE version: OpenJDK Runtime Environment (17.0.10) (build 17.0.10+0--11572160)
# Java VM: OpenJDK 64-Bit Server VM (17.0.10+0--11572160, mixed mode, tiered, compressed oops, compressed class ptrs, g1 gc, windows-amd64)
GC Precious Log:
 CPUs: 4 total, 4 available
 Memory: 6009M
 Large Page Support: Disabled
 NUMA Support: Disabled
 Compressed Oops: Enabled (32-bit)
 Heap Region Size: 1M
 Heap Min Capacity: 8M
 Heap Initial Capacity: 94M
 Heap Max Capacity: 2G
 Pre-touch: Disabled
 Parallel Workers: 4
 Concurrent Workers: 1
 Concurrent Refinement Workers: 4
 Periodic GC: Disabled
Heap:
 garbage-first heap   total 501760K, used 267776K [0x0000000080000000, 0x0000000100000000)
  region size 1024K, 3 young (3072K), 3 survivors (3072K)
 Metaspace       used 187311K, committed 189440K, reserved 1245184K
  class space    used 23518K, committed 24384K, reserved 1048576K
GC Heap History (20 events):
Event: 1707.311 GC heap after
{Heap after GC invocations=67 (full 0):
 garbage-first heap   total 453632K, used 218112K [0x0000000080000000, 0x0000000100000000)
  region size 1024K, 15 young (15360K), 15 survivors (15360K)
 Metaspace       used 185018K, committed 186176K, reserved 1245184K
  class space    used 23562K, committed 24128K, reserved 1048576K
}
Event: 1714.942 GC heap before
{Heap before GC invocations=68 (full 0):
 garbage-first heap   total 501760K, used 342016K [0x0000000080000000, 0x0000000100000000)
  region size 1024K, 122 young (124928K), 15 survivors (15360K)
 Metaspace       used 185167K, committed 186304K, reserved 1245184K
  class space    used 23562K, committed 24128K, reserved 1048576K
}
Event: 1715.174 GC heap after
{Heap after GC invocations=69 (full 0):
 garbage-first heap   total 501760K, used 248658K [0x0000000080000000, 0x0000000100000000)
  region size 1024K, 16 young (16384K), 16 survivors (16384K)
 Metaspace       used 185167K, committed 186304K, reserved 1245184K
  class space    used 23562K, committed 24128K, reserved 1048576K
}
Event: 1715.846 GC heap before
{Heap before GC invocations=69 (full 0):
 garbage-first heap   total 501760K, used 255826K [0x0000000080000000, 0x0000000100000000)
  region size 1024K, 24 young (24576K), 16 survivors (16384K)
 Metaspace       used 185182K, committed 186368K, reserved 1245184K
  class space    used 23562K, committed 24128K, reserved 1048576K
}
Event: 1716.143 GC heap after
{Heap after GC invocations=70 (full 0):
 garbage-first heap   total 501760K, used 247296K [0x0000000080000000, 0x0000000100000000)
  region size 1024K, 3 young (3072K), 3 survivors (3072K)
 Metaspace       used 185182K, committed 186368K, reserved 1245184K
  class space    used 23562K, committed 24128K, reserved 1048576K
}
Event: 1727.172 GC heap before
{Heap before GC invocations=70 (full 0):
 garbage-first heap   total 501760K, used 343552K [0x0000000080000000, 0x0000000100000000)
  region size 1024K, 98 young (100352K), 3 survivors (3072K)
 Metaspace       used 186492K, committed 187648K, reserved 1245184K
  class space    used 23603K, committed 24192K, reserved 1048576K
}
Event: 1727.199 GC heap after
{Heap after GC invocations=71 (full 0):
 garbage-first heap   total 501760K, used 251392K [0x0000000080000000, 0x0000000100000000)
  region size 1024K, 13 young (13312K), 13 survivors (13312K)
 Metaspace       used 186492K, committed 187648K, reserved 1245184K
  class space    used 23603K, committed 24192K, reserved 1048576K
}
Event: 1785.304 GC heap before
{Heap before GC invocations=71 (full 0):
 garbage-first heap   total 501760K, used 324096K [0x0000000080000000, 0x0000000100000000)
  region size 1024K, 84 young (86016K), 13 survivors (13312K)
 Metaspace       used 187987K, committed 189184K, reserved 1245184K
  class space    used 23787K, committed 24384K, reserved 1048576K
}
Event: 1785.361 GC heap after
{Heap after GC invocations=72 (full 0):
 garbage-first heap   total 501760K, used 258733K [0x0000000080000000, 0x0000000100000000)
  region size 1024K, 7 young (7168K), 7 survivors (7168K)
 Metaspace       used 187987K, committed 189184K, reserved 1245184K
  class space    used 23787K, committed 24384K, reserved 1048576K
}
Event: 6415.969 GC heap before
{Heap before GC invocations=72 (full 0):
 garbage-first heap   total 501760K, used 384685K [0x0000000080000000, 0x0000000100000000)
  region size 1024K, 132 young (135168K), 7 survivors (7168K)
 Metaspace       used 188230K, committed 189440K, reserved 1245184K
  class space    used 23798K, committed 24384K, reserved 1048576K
}
Event: 6416.221 GC heap after
{Heap after GC invocations=73 (full 0):
 garbage-first heap   total 501760K, used 263204K [0x0000000080000000, 0x0000000100000000)
  region size 1024K, 12 young (12288K), 12 survivors (12288K)
 Metaspace       used 188230K, committed 189440K, reserved 1245184K
  class space    used 23798K, committed 24384K, reserved 1048576K
}
Event: 6417.473 GC heap before
{Heap before GC invocations=73 (full 0):
 garbage-first heap   total 501760K, used 332836K [0x0000000080000000, 0x0000000100000000)
  region size 1024K, 74 young (75776K), 12 survivors (12288K)
 Metaspace       used 188230K, committed 189440K, reserved 1245184K
  class space    used 23798K, committed 24384K, reserved 1048576K
}
Event: 6417.612 GC heap after
{Heap after GC invocations=74 (full 0):
 garbage-first heap   total 501760K, used 281270K [0x0000000080000000, 0x0000000100000000)
  region size 1024K, 10 young (10240K), 10 survivors (10240K)
 Metaspace       used 188230K, committed 189440K, reserved 1245184K
  class space    used 23798K, committed 24384K, reserved 1048576K
}
Event: 6422.861 GC heap before
{Heap before GC invocations=74 (full 0):
 garbage-first heap   total 501760K, used 302774K [0x0000000080000000, 0x0000000100000000)
  region size 1024K, 24 young (24576K), 10 survivors (10240K)
 Metaspace       used 186907K, committed 189440K, reserved 1245184K
  class space    used 23518K, committed 24384K, reserved 1048576K
}
Event: 6422.946 GC heap after
{Heap after GC invocations=75 (full 0):
 garbage-first heap   total 501760K, used 292352K [0x0000000080000000, 0x0000000100000000)
  region size 1024K, 3 young (3072K), 3 survivors (3072K)
 Metaspace       used 186907K, committed 189440K, reserved 1245184K
  class space    used 23518K, committed 24384K, reserved 1048576K
}
Event: 6427.134 GC heap before
{Heap before GC invocations=76 (full 0):
 garbage-first heap   total 501760K, used 344576K [0x0000000080000000, 0x0000000100000000)
  region size 1024K, 53 young (54272K), 3 survivors (3072K)
 Metaspace       used 187006K, committed 189440K, reserved 1245184K
  class space    used 23518K, committed 24384K, reserved 1048576K
}
Event: 6427.166 GC heap after
{Heap after GC invocations=77 (full 0):
 garbage-first heap   total 501760K, used 298496K [0x0000000080000000, 0x0000000100000000)
  region size 1024K, 7 young (7168K), 7 survivors (7168K)
 Metaspace       used 187006K, committed 189440K, reserved 1245184K
  class space    used 23518K, committed 24384K, reserved 1048576K
}
Event: 6427.967 GC heap before
{Heap before GC invocations=77 (full 0):
 garbage-first heap   total 501760K, used 315904K [0x0000000080000000, 0x0000000100000000)
  region size 1024K, 24 young (24576K), 7 survivors (7168K)
 Metaspace       used 187006K, committed 189440K, reserved 1245184K
  class space    used 23518K, committed 24384K, reserved 1048576K
}
Event: 6428.128 GC heap after
{Heap after GC invocations=78 (full 0):
 garbage-first heap   total 501760K, used 273110K [0x0000000080000000, 0x0000000100000000)
  region size 1024K, 2 young (2048K), 2 survivors (2048K)
 Metaspace       used 187006K, committed 189440K, reserved 1245184K
  class space    used 23518K, committed 24384K, reserved 1048576K
}
Event: 6429.285 GC heap before
{Heap before GC invocations=78 (full 0):
 garbage-first heap   total 501760K, used 295638K [0x0000000080000000, 0x0000000100000000)
  region size 1024K, 24 young (24576K), 2 survivors (2048K)
 Metaspace       used 187311K, committed 189440K, reserved 1245184K
  class space    used 23518K, committed 24384K, reserved 1048576K
}

